<?xml version="1.0" encoding="UTF-8"?>
<!-- Generated by org.testng.reporters.JUnitXMLReporter -->
<testsuite ignored="0" hostname="Reddy" failures="0" tests="9" name="Test" time="99.571" errors="0" timestamp="2025-05-18T11:22:17 IST">
  <testcase classname="testCases.TC001_AccountRegistrationTest" name="verify_Account_Registration" time="3.604"/>
  <testcase classname="testCases.TC002_LoginTest" name="LogTest_Validation" time="2.604"/>
  <testcase classname="testCases.TC003_LoginDataDrivenTesting" name="Verify_loginDDT" time="7.068"/>
  <testcase classname="testCases.TC003_LoginDataDrivenTesting" name="Verify_loginDDT" time="12.052"/>
  <testcase classname="testCases.TC003_LoginDataDrivenTesting" name="Verify_loginDDT" time="13.659"/>
  <testcase classname="testCases.TC003_LoginDataDrivenTesting" name="Verify_loginDDT" time="5.597"/>
  <testcase classname="testCases.TC003_LoginDataDrivenTesting" name="Verify_loginDDT" time="13.16"/>
  <testcase classname="testCases.TC003_LoginDataDrivenTesting" name="Verify_loginDDT" time="13.181"/>
  <testcase classname="testCases.TC003_LoginDataDrivenTesting" name="Verify_loginDDT" time="12.545"/>
</testsuite> <!-- Test -->
