<?xml version="1.0" encoding="UTF-8"?>
<!-- Generated by org.testng.reporters.JUnitXMLReporter -->
<testsuite ignored="0" hostname="Reddy" failures="0" tests="9" name="Test" time="89.393" errors="0" timestamp="2025-05-17T09:41:11 IST">
  <testcase classname="testCases.TC001_AccountRegistrationTest" name="verify_Account_Registration" time="2.726"/>
  <testcase classname="testCases.TC002_LoginTest" name="LogTest_Validation" time="1.517"/>
  <testcase classname="testCases.TC003_LoginDataDrivenTesting" name="Verify_loginDDT" time="4.649"/>
  <testcase classname="testCases.TC003_LoginDataDrivenTesting" name="Verify_loginDDT" time="11.727"/>
  <testcase classname="testCases.TC003_LoginDataDrivenTesting" name="Verify_loginDDT" time="11.611"/>
  <testcase classname="testCases.TC003_LoginDataDrivenTesting" name="Verify_loginDDT" time="4.19"/>
  <testcase classname="testCases.TC003_LoginDataDrivenTesting" name="Verify_loginDDT" time="11.624"/>
  <testcase classname="testCases.TC003_LoginDataDrivenTesting" name="Verify_loginDDT" time="11.848"/>
  <testcase classname="testCases.TC003_LoginDataDrivenTesting" name="Verify_loginDDT" time="11.891"/>
</testsuite> <!-- Test -->
