<?xml version="1.0" encoding="UTF-8"?>
<!-- Generated by org.testng.reporters.JUnitXMLReporter -->
<testsuite ignored="0" hostname="Reddy" failures="1" tests="1" name="Test(failed)" time="6.393" errors="0" timestamp="2025-05-10T14:43:33 IST">
  <testcase classname="testCases.TC003_LoginDataDrivenTesting" name="Verify_loginDDT" time="0.559">
    <failure type="java.lang.AssertionError" message="null">
      <![CDATA[java.lang.AssertionError: null
at testCases.TC003_LoginDataDrivenTesting.Verify_loginDDT(TC003_LoginDataDrivenTesting.java:66)
at java.base/java.util.ArrayList.forEach(ArrayList.java:1596)
... Removed 27 stack frames]]>
    </failure>
  </testcase> <!-- Verify_loginDDT -->
</testsuite> <!-- Test(failed) -->
