<?xml version="1.0" encoding="UTF-8"?>
<!-- Generated by org.testng.reporters.JUnitXMLReporter -->
<testsuite ignored="2" hostname="Reddy" failures="0" tests="1" name="Test" time="6.453" errors="0" timestamp="2025-05-10T19:17:45 IST">
  <testcase classname="testCases.TC002_LoginTest" name="LogTest_Validation" time="2.104"/>
  <testcase classname="testCases.TC001_AccountRegistrationTest" name="verify_Account_Registration" time="0.0">
    <ignored/>
  </testcase> <!-- verify_Account_Registration -->
  <testcase classname="testCases.TC003_LoginDataDrivenTesting" name="Verify_loginDDT" time="0.0">
    <ignored/>
  </testcase> <!-- Verify_loginDDT -->
</testsuite> <!-- Test -->
