<?xml version="1.0" encoding="UTF-8"?>
<!-- Generated by org.testng.reporters.JUnitXMLReporter -->
<testsuite ignored="0" hostname="Reddy" failures="1" tests="2" name="Test" time="25.797" errors="0" timestamp="2025-05-03T21:13:32 IST">
  <testcase classname="testCases.TC001_AccountRegistrationTest" name="verify_Account_Registration" time="3.325"/>
  <testcase classname="testCases.TC002_LoginTest" name="LogTest_Validation" time="9.191">
    <failure type="java.lang.AssertionError" message="Login failed. expected [true] but found [false]">
      <![CDATA[java.lang.AssertionError: Login failed. expected [true] but found [false]
at testCases.TC002_LoginTest.LogTest_Validation(TC002_LoginTest.java:26)
at java.base/java.util.ArrayList.forEach(ArrayList.java:1596)
... Removed 31 stack frames]]>
    </failure>
  </testcase> <!-- LogTest_Validation -->
</testsuite> <!-- Test -->
