<?xml version="1.0" encoding="UTF-8"?>
<testng-results ignored="0" total="9" passed="9" failed="0" skipped="0">
  <reporter-output>
  </reporter-output>
  <suite started-at="2025-05-18T11:20:36 IST" name="Master Suite" finished-at="2025-05-18T11:22:16 IST" duration-ms="99571">
    <groups>
      <group name="Master">
        <method signature="TC001_AccountRegistrationTest.verify_Account_Registration()[pri:0, instance:testCases.TC001_AccountRegistrationTest@132e0cc]" name="verify_Account_Registration" class="testCases.TC001_AccountRegistrationTest"/>
        <method signature="TC002_LoginTest.LogTest_Validation()[pri:0, instance:testCases.TC002_LoginTest@63f259c3]" name="LogTest_Validation" class="testCases.TC002_LoginTest"/>
      </group> <!-- Master -->
      <group name="Sanity">
        <method signature="TC002_LoginTest.LogTest_Validation()[pri:0, instance:testCases.TC002_LoginTest@63f259c3]" name="LogTest_Validation" class="testCases.TC002_LoginTest"/>
      </group> <!-- Sanity -->
      <group name="Regression">
        <method signature="TC001_AccountRegistrationTest.verify_Account_Registration()[pri:0, instance:testCases.TC001_AccountRegistrationTest@132e0cc]" name="verify_Account_Registration" class="testCases.TC001_AccountRegistrationTest"/>
      </group> <!-- Regression -->
      <group name="Datadriven">
        <method signature="TC003_LoginDataDrivenTesting.Verify_loginDDT(java.lang.String,java.lang.String,java.lang.String)[pri:0, instance:testCases.TC003_LoginDataDrivenTesting@26ceffa8]" name="Verify_loginDDT" class="testCases.TC003_LoginDataDrivenTesting"/>
      </group> <!-- Datadriven -->
    </groups>
    <test started-at="2025-05-18T11:20:36 IST" name="Test" finished-at="2025-05-18T11:22:16 IST" duration-ms="99571">
      <class name="testCases.TC003_LoginDataDrivenTesting">
        <test-method is-config="true" signature="setup(java.lang.String,java.lang.String)[pri:0, instance:testCases.TC003_LoginDataDrivenTesting@26ceffa8]" started-at="2025-05-18T11:20:51 IST" name="setup" finished-at="2025-05-18T11:20:56 IST" duration-ms="4587" status="PASS">
          <params>
            <param index="0">
              <value>
                <![CDATA[Windows]]>
              </value>
            </param>
            <param index="1">
              <value>
                <![CDATA[chrome]]>
              </value>
            </param>
          </params>
          <reporter-output>
          </reporter-output>
        </test-method> <!-- setup -->
        <test-method signature="Verify_loginDDT(java.lang.String,java.lang.String,java.lang.String)[pri:0, instance:testCases.TC003_LoginDataDrivenTesting@26ceffa8]" started-at="2025-05-18T11:20:58 IST" name="Verify_loginDDT" data-provider="LoginData" finished-at="2025-05-18T11:21:05 IST" duration-ms="7068" status="PASS">
          <params>
            <param index="0">
              <value>
                <![CDATA[vamshikrishna1133@gmail.com]]>
              </value>
            </param>
            <param index="1">
              <value>
                <![CDATA[vamshi@1]]>
              </value>
            </param>
            <param index="2">
              <value>
                <![CDATA[Valid]]>
              </value>
            </param>
          </params>
          <reporter-output>
          </reporter-output>
        </test-method> <!-- Verify_loginDDT -->
        <test-method signature="Verify_loginDDT(java.lang.String,java.lang.String,java.lang.String)[pri:0, instance:testCases.TC003_LoginDataDrivenTesting@26ceffa8]" started-at="2025-05-18T11:21:05 IST" name="Verify_loginDDT" data-provider="LoginData" finished-at="2025-05-18T11:21:17 IST" duration-ms="12052" status="PASS">
          <params>
            <param index="0">
              <value>
                <![CDATA[user24@email.com]]>
              </value>
            </param>
            <param index="1">
              <value>
                <![CDATA[user1]]>
              </value>
            </param>
            <param index="2">
              <value>
                <![CDATA[Invalid]]>
              </value>
            </param>
          </params>
          <reporter-output>
          </reporter-output>
        </test-method> <!-- Verify_loginDDT -->
        <test-method signature="Verify_loginDDT(java.lang.String,java.lang.String,java.lang.String)[pri:0, instance:testCases.TC003_LoginDataDrivenTesting@26ceffa8]" started-at="2025-05-18T11:21:17 IST" name="Verify_loginDDT" data-provider="LoginData" finished-at="2025-05-18T11:21:31 IST" duration-ms="13659" status="PASS">
          <params>
            <param index="0">
              <value>
                <![CDATA[abc@1123.com]]>
              </value>
            </param>
            <param index="1">
              <value>
                <![CDATA[abc@1]]>
              </value>
            </param>
            <param index="2">
              <value>
                <![CDATA[Invalid]]>
              </value>
            </param>
          </params>
          <reporter-output>
          </reporter-output>
        </test-method> <!-- Verify_loginDDT -->
        <test-method signature="Verify_loginDDT(java.lang.String,java.lang.String,java.lang.String)[pri:0, instance:testCases.TC003_LoginDataDrivenTesting@26ceffa8]" started-at="2025-05-18T11:21:31 IST" name="Verify_loginDDT" data-provider="LoginData" finished-at="2025-05-18T11:21:36 IST" duration-ms="5597" status="PASS">
          <params>
            <param index="0">
              <value>
                <![CDATA[sampleuser11@gmail.com]]>
              </value>
            </param>
            <param index="1">
              <value>
                <![CDATA[sample12]]>
              </value>
            </param>
            <param index="2">
              <value>
                <![CDATA[Valid]]>
              </value>
            </param>
          </params>
          <reporter-output>
          </reporter-output>
        </test-method> <!-- Verify_loginDDT -->
        <test-method signature="Verify_loginDDT(java.lang.String,java.lang.String,java.lang.String)[pri:0, instance:testCases.TC003_LoginDataDrivenTesting@26ceffa8]" started-at="2025-05-18T11:21:36 IST" name="Verify_loginDDT" data-provider="LoginData" finished-at="2025-05-18T11:21:50 IST" duration-ms="13160" status="PASS">
          <params>
            <param index="0">
              <value>
                <![CDATA[user243@yahoo.com]]>
              </value>
            </param>
            <param index="1">
              <value>
                <![CDATA[yahoo@1]]>
              </value>
            </param>
            <param index="2">
              <value>
                <![CDATA[Invalid]]>
              </value>
            </param>
          </params>
          <reporter-output>
          </reporter-output>
        </test-method> <!-- Verify_loginDDT -->
        <test-method signature="Verify_loginDDT(java.lang.String,java.lang.String,java.lang.String)[pri:0, instance:testCases.TC003_LoginDataDrivenTesting@26ceffa8]" started-at="2025-05-18T11:21:50 IST" name="Verify_loginDDT" data-provider="LoginData" finished-at="2025-05-18T11:22:03 IST" duration-ms="13181" status="PASS">
          <params>
            <param index="0">
              <value>
                <![CDATA[]]>
              </value>
            </param>
            <param index="1">
              <value>
                <![CDATA[sample12]]>
              </value>
            </param>
            <param index="2">
              <value>
                <![CDATA[Invalid]]>
              </value>
            </param>
          </params>
          <reporter-output>
          </reporter-output>
        </test-method> <!-- Verify_loginDDT -->
        <test-method signature="Verify_loginDDT(java.lang.String,java.lang.String,java.lang.String)[pri:0, instance:testCases.TC003_LoginDataDrivenTesting@26ceffa8]" started-at="2025-05-18T11:22:03 IST" name="Verify_loginDDT" data-provider="LoginData" finished-at="2025-05-18T11:22:15 IST" duration-ms="12545" status="PASS">
          <params>
            <param index="0">
              <value>
                <![CDATA[sampleuser11@gmail.com]]>
              </value>
            </param>
            <param index="1">
              <value>
                <![CDATA[]]>
              </value>
            </param>
            <param index="2">
              <value>
                <![CDATA[Invalid]]>
              </value>
            </param>
          </params>
          <reporter-output>
          </reporter-output>
        </test-method> <!-- Verify_loginDDT -->
        <test-method is-config="true" signature="teardown()[pri:0, instance:testCases.TC003_LoginDataDrivenTesting@26ceffa8]" started-at="2025-05-18T11:22:15 IST" name="teardown" finished-at="2025-05-18T11:22:16 IST" duration-ms="377" status="PASS">
          <reporter-output>
          </reporter-output>
        </test-method> <!-- teardown -->
      </class> <!-- testCases.TC003_LoginDataDrivenTesting -->
      <class name="testCases.TC002_LoginTest">
        <test-method is-config="true" signature="setup(java.lang.String,java.lang.String)[pri:0, instance:testCases.TC002_LoginTest@63f259c3]" started-at="2025-05-18T11:20:45 IST" name="setup" finished-at="2025-05-18T11:20:48 IST" duration-ms="3390" status="PASS">
          <params>
            <param index="0">
              <value>
                <![CDATA[Windows]]>
              </value>
            </param>
            <param index="1">
              <value>
                <![CDATA[chrome]]>
              </value>
            </param>
          </params>
          <reporter-output>
          </reporter-output>
        </test-method> <!-- setup -->
        <test-method signature="LogTest_Validation()[pri:0, instance:testCases.TC002_LoginTest@63f259c3]" started-at="2025-05-18T11:20:48 IST" name="LogTest_Validation" finished-at="2025-05-18T11:20:51 IST" duration-ms="2604" status="PASS">
          <reporter-output>
          </reporter-output>
        </test-method> <!-- LogTest_Validation -->
        <test-method is-config="true" signature="teardown()[pri:0, instance:testCases.TC002_LoginTest@63f259c3]" started-at="2025-05-18T11:20:51 IST" name="teardown" finished-at="2025-05-18T11:20:51 IST" duration-ms="289" status="PASS">
          <reporter-output>
          </reporter-output>
        </test-method> <!-- teardown -->
      </class> <!-- testCases.TC002_LoginTest -->
      <class name="testCases.TC001_AccountRegistrationTest">
        <test-method is-config="true" signature="setup(java.lang.String,java.lang.String)[pri:0, instance:testCases.TC001_AccountRegistrationTest@132e0cc]" started-at="2025-05-18T11:20:36 IST" name="setup" finished-at="2025-05-18T11:20:41 IST" duration-ms="4559" status="PASS">
          <params>
            <param index="0">
              <value>
                <![CDATA[Windows]]>
              </value>
            </param>
            <param index="1">
              <value>
                <![CDATA[chrome]]>
              </value>
            </param>
          </params>
          <reporter-output>
          </reporter-output>
        </test-method> <!-- setup -->
        <test-method signature="verify_Account_Registration()[pri:0, instance:testCases.TC001_AccountRegistrationTest@132e0cc]" started-at="2025-05-18T11:20:41 IST" name="verify_Account_Registration" finished-at="2025-05-18T11:20:45 IST" duration-ms="3604" status="PASS">
          <reporter-output>
          </reporter-output>
        </test-method> <!-- verify_Account_Registration -->
        <test-method is-config="true" signature="teardown()[pri:0, instance:testCases.TC001_AccountRegistrationTest@132e0cc]" started-at="2025-05-18T11:20:45 IST" name="teardown" finished-at="2025-05-18T11:20:45 IST" duration-ms="285" status="PASS">
          <reporter-output>
          </reporter-output>
        </test-method> <!-- teardown -->
      </class> <!-- testCases.TC001_AccountRegistrationTest -->
    </test> <!-- Test -->
  </suite> <!-- Master Suite -->
</testng-results>
