<?xml version="1.0" encoding="UTF-8"?>
<testng-results ignored="0" total="9" passed="9" failed="0" skipped="0">
  <reporter-output>
  </reporter-output>
  <suite started-at="2025-05-17T09:39:40 IST" name="Master Suite" finished-at="2025-05-17T09:41:09 IST" duration-ms="89393">
    <groups>
      <group name="Master">
        <method signature="TC001_AccountRegistrationTest.verify_Account_Registration()[pri:0, instance:testCases.TC001_AccountRegistrationTest@7a67e3c6]" name="verify_Account_Registration" class="testCases.TC001_AccountRegistrationTest"/>
        <method signature="TC002_LoginTest.LogTest_Validation()[pri:0, instance:testCases.TC002_LoginTest@7c8c9a05]" name="LogTest_Validation" class="testCases.TC002_LoginTest"/>
      </group> <!-- Master -->
      <group name="Sanity">
        <method signature="TC002_LoginTest.LogTest_Validation()[pri:0, instance:testCases.TC002_LoginTest@7c8c9a05]" name="LogTest_Validation" class="testCases.TC002_LoginTest"/>
      </group> <!-- Sanity -->
      <group name="Regression">
        <method signature="TC001_AccountRegistrationTest.verify_Account_Registration()[pri:0, instance:testCases.TC001_AccountRegistrationTest@7a67e3c6]" name="verify_Account_Registration" class="testCases.TC001_AccountRegistrationTest"/>
      </group> <!-- Regression -->
      <group name="Datadriven">
        <method signature="TC003_LoginDataDrivenTesting.Verify_loginDDT(java.lang.String,java.lang.String,java.lang.String)[pri:0, instance:testCases.TC003_LoginDataDrivenTesting@d41f816]" name="Verify_loginDDT" class="testCases.TC003_LoginDataDrivenTesting"/>
      </group> <!-- Datadriven -->
    </groups>
    <test started-at="2025-05-17T09:39:40 IST" name="Test" finished-at="2025-05-17T09:41:09 IST" duration-ms="89393">
      <class name="testCases.TC003_LoginDataDrivenTesting">
        <test-method is-config="true" signature="setup(java.lang.String,java.lang.String)[pri:0, instance:testCases.TC003_LoginDataDrivenTesting@d41f816]" started-at="2025-05-17T09:39:57 IST" name="setup" finished-at="2025-05-17T09:39:59 IST" duration-ms="2754" status="PASS">
          <params>
            <param index="0">
              <value>
                <![CDATA[Windows]]>
              </value>
            </param>
            <param index="1">
              <value>
                <![CDATA[chrome]]>
              </value>
            </param>
          </params>
          <reporter-output>
          </reporter-output>
        </test-method> <!-- setup -->
        <test-method signature="Verify_loginDDT(java.lang.String,java.lang.String,java.lang.String)[pri:0, instance:testCases.TC003_LoginDataDrivenTesting@d41f816]" started-at="2025-05-17T09:40:01 IST" name="Verify_loginDDT" data-provider="LoginData" finished-at="2025-05-17T09:40:06 IST" duration-ms="4649" status="PASS">
          <params>
            <param index="0">
              <value>
                <![CDATA[vamshikrishna1133@gmail.com]]>
              </value>
            </param>
            <param index="1">
              <value>
                <![CDATA[vamshi@1]]>
              </value>
            </param>
            <param index="2">
              <value>
                <![CDATA[Valid]]>
              </value>
            </param>
          </params>
          <reporter-output>
          </reporter-output>
        </test-method> <!-- Verify_loginDDT -->
        <test-method signature="Verify_loginDDT(java.lang.String,java.lang.String,java.lang.String)[pri:0, instance:testCases.TC003_LoginDataDrivenTesting@d41f816]" started-at="2025-05-17T09:40:06 IST" name="Verify_loginDDT" data-provider="LoginData" finished-at="2025-05-17T09:40:18 IST" duration-ms="11727" status="PASS">
          <params>
            <param index="0">
              <value>
                <![CDATA[user24@email.com]]>
              </value>
            </param>
            <param index="1">
              <value>
                <![CDATA[user1]]>
              </value>
            </param>
            <param index="2">
              <value>
                <![CDATA[Invalid]]>
              </value>
            </param>
          </params>
          <reporter-output>
          </reporter-output>
        </test-method> <!-- Verify_loginDDT -->
        <test-method signature="Verify_loginDDT(java.lang.String,java.lang.String,java.lang.String)[pri:0, instance:testCases.TC003_LoginDataDrivenTesting@d41f816]" started-at="2025-05-17T09:40:18 IST" name="Verify_loginDDT" data-provider="LoginData" finished-at="2025-05-17T09:40:29 IST" duration-ms="11611" status="PASS">
          <params>
            <param index="0">
              <value>
                <![CDATA[abc@1123.com]]>
              </value>
            </param>
            <param index="1">
              <value>
                <![CDATA[abc@1]]>
              </value>
            </param>
            <param index="2">
              <value>
                <![CDATA[Invalid]]>
              </value>
            </param>
          </params>
          <reporter-output>
          </reporter-output>
        </test-method> <!-- Verify_loginDDT -->
        <test-method signature="Verify_loginDDT(java.lang.String,java.lang.String,java.lang.String)[pri:0, instance:testCases.TC003_LoginDataDrivenTesting@d41f816]" started-at="2025-05-17T09:40:29 IST" name="Verify_loginDDT" data-provider="LoginData" finished-at="2025-05-17T09:40:34 IST" duration-ms="4190" status="PASS">
          <params>
            <param index="0">
              <value>
                <![CDATA[sampleuser11@gmail.com]]>
              </value>
            </param>
            <param index="1">
              <value>
                <![CDATA[sample12]]>
              </value>
            </param>
            <param index="2">
              <value>
                <![CDATA[Valid]]>
              </value>
            </param>
          </params>
          <reporter-output>
          </reporter-output>
        </test-method> <!-- Verify_loginDDT -->
        <test-method signature="Verify_loginDDT(java.lang.String,java.lang.String,java.lang.String)[pri:0, instance:testCases.TC003_LoginDataDrivenTesting@d41f816]" started-at="2025-05-17T09:40:34 IST" name="Verify_loginDDT" data-provider="LoginData" finished-at="2025-05-17T09:40:45 IST" duration-ms="11624" status="PASS">
          <params>
            <param index="0">
              <value>
                <![CDATA[user243@yahoo.com]]>
              </value>
            </param>
            <param index="1">
              <value>
                <![CDATA[yahoo@1]]>
              </value>
            </param>
            <param index="2">
              <value>
                <![CDATA[Invalid]]>
              </value>
            </param>
          </params>
          <reporter-output>
          </reporter-output>
        </test-method> <!-- Verify_loginDDT -->
        <test-method signature="Verify_loginDDT(java.lang.String,java.lang.String,java.lang.String)[pri:0, instance:testCases.TC003_LoginDataDrivenTesting@d41f816]" started-at="2025-05-17T09:40:45 IST" name="Verify_loginDDT" data-provider="LoginData" finished-at="2025-05-17T09:40:57 IST" duration-ms="11848" status="PASS">
          <params>
            <param index="0">
              <value>
                <![CDATA[]]>
              </value>
            </param>
            <param index="1">
              <value>
                <![CDATA[sample12]]>
              </value>
            </param>
            <param index="2">
              <value>
                <![CDATA[Invalid]]>
              </value>
            </param>
          </params>
          <reporter-output>
          </reporter-output>
        </test-method> <!-- Verify_loginDDT -->
        <test-method signature="Verify_loginDDT(java.lang.String,java.lang.String,java.lang.String)[pri:0, instance:testCases.TC003_LoginDataDrivenTesting@d41f816]" started-at="2025-05-17T09:40:57 IST" name="Verify_loginDDT" data-provider="LoginData" finished-at="2025-05-17T09:41:09 IST" duration-ms="11891" status="PASS">
          <params>
            <param index="0">
              <value>
                <![CDATA[sampleuser11@gmail.com]]>
              </value>
            </param>
            <param index="1">
              <value>
                <![CDATA[]]>
              </value>
            </param>
            <param index="2">
              <value>
                <![CDATA[Invalid]]>
              </value>
            </param>
          </params>
          <reporter-output>
          </reporter-output>
        </test-method> <!-- Verify_loginDDT -->
        <test-method is-config="true" signature="teardown()[pri:0, instance:testCases.TC003_LoginDataDrivenTesting@d41f816]" started-at="2025-05-17T09:41:09 IST" name="teardown" finished-at="2025-05-17T09:41:09 IST" duration-ms="310" status="PASS">
          <reporter-output>
          </reporter-output>
        </test-method> <!-- teardown -->
      </class> <!-- testCases.TC003_LoginDataDrivenTesting -->
      <class name="testCases.TC002_LoginTest">
        <test-method is-config="true" signature="setup(java.lang.String,java.lang.String)[pri:0, instance:testCases.TC002_LoginTest@7c8c9a05]" started-at="2025-05-17T09:39:53 IST" name="setup" finished-at="2025-05-17T09:39:55 IST" duration-ms="2108" status="PASS">
          <params>
            <param index="0">
              <value>
                <![CDATA[Windows]]>
              </value>
            </param>
            <param index="1">
              <value>
                <![CDATA[chrome]]>
              </value>
            </param>
          </params>
          <reporter-output>
          </reporter-output>
        </test-method> <!-- setup -->
        <test-method signature="LogTest_Validation()[pri:0, instance:testCases.TC002_LoginTest@7c8c9a05]" started-at="2025-05-17T09:39:55 IST" name="LogTest_Validation" finished-at="2025-05-17T09:39:56 IST" duration-ms="1517" status="PASS">
          <reporter-output>
          </reporter-output>
        </test-method> <!-- LogTest_Validation -->
        <test-method is-config="true" signature="teardown()[pri:0, instance:testCases.TC002_LoginTest@7c8c9a05]" started-at="2025-05-17T09:39:56 IST" name="teardown" finished-at="2025-05-17T09:39:57 IST" duration-ms="231" status="PASS">
          <reporter-output>
          </reporter-output>
        </test-method> <!-- teardown -->
      </class> <!-- testCases.TC002_LoginTest -->
      <class name="testCases.TC001_AccountRegistrationTest">
        <test-method is-config="true" signature="setup(java.lang.String,java.lang.String)[pri:0, instance:testCases.TC001_AccountRegistrationTest@7a67e3c6]" started-at="2025-05-17T09:39:40 IST" name="setup" finished-at="2025-05-17T09:39:50 IST" duration-ms="9357" status="PASS">
          <params>
            <param index="0">
              <value>
                <![CDATA[Windows]]>
              </value>
            </param>
            <param index="1">
              <value>
                <![CDATA[chrome]]>
              </value>
            </param>
          </params>
          <reporter-output>
          </reporter-output>
        </test-method> <!-- setup -->
        <test-method signature="verify_Account_Registration()[pri:0, instance:testCases.TC001_AccountRegistrationTest@7a67e3c6]" started-at="2025-05-17T09:39:50 IST" name="verify_Account_Registration" finished-at="2025-05-17T09:39:52 IST" duration-ms="2726" status="PASS">
          <reporter-output>
          </reporter-output>
        </test-method> <!-- verify_Account_Registration -->
        <test-method is-config="true" signature="teardown()[pri:0, instance:testCases.TC001_AccountRegistrationTest@7a67e3c6]" started-at="2025-05-17T09:39:53 IST" name="teardown" finished-at="2025-05-17T09:39:53 IST" duration-ms="226" status="PASS">
          <reporter-output>
          </reporter-output>
        </test-method> <!-- teardown -->
      </class> <!-- testCases.TC001_AccountRegistrationTest -->
    </test> <!-- Test -->
  </suite> <!-- Master Suite -->
</testng-results>
